app/build/intermediates/manifest_merge_blame_file/debug/processDebugMainManifest/manifest-merger-blame-debug-report.txt
1<?xml version="1.0" encoding="utf-8"?>
2<manifest xmlns:android="http://schemas.android.com/apk/res/android"
3    package="com.vibecut.ai"
4    android:versionCode="1"
5    android:versionName="1.0.0" >
6
7    <uses-sdk
8        android:minSdkVersion="24"
9        android:targetSdkVersion="35" />
10
11    <!-- Storage -->
12    <uses-permission android:name="android.permission.READ_MEDIA_VIDEO" />
12-->src\main\AndroidManifest.xml:6:5-75
12-->src\main\AndroidManifest.xml:6:22-72
13    <uses-permission android:name="android.permission.READ_MEDIA_IMAGES" />
13-->src\main\AndroidManifest.xml:7:5-76
13-->src\main\AndroidManifest.xml:7:22-73
14    <uses-permission
14-->src\main\AndroidManifest.xml:8:5-9:38
15        android:name="android.permission.READ_EXTERNAL_STORAGE"
15-->src\main\AndroidManifest.xml:8:22-77
16        android:maxSdkVersion="32" />
16-->src\main\AndroidManifest.xml:9:9-35
17    <uses-permission
17-->src\main\AndroidManifest.xml:10:5-11:67
18        android:name="android.permission.WRITE_EXTERNAL_STORAGE"
18-->src\main\AndroidManifest.xml:10:22-78
19        android:maxSdkVersion="28" />
19-->src\main\AndroidManifest.xml:11:9-35
20
21    <!-- Camera & Audio -->
22    <uses-permission android:name="android.permission.CAMERA" />
22-->src\main\AndroidManifest.xml:14:5-65
22-->src\main\AndroidManifest.xml:14:22-62
23    <uses-permission android:name="android.permission.RECORD_AUDIO" />
23-->src\main\AndroidManifest.xml:15:5-71
23-->src\main\AndroidManifest.xml:15:22-68
24
25    <!-- Network -->
26    <uses-permission android:name="android.permission.INTERNET" />
26-->src\main\AndroidManifest.xml:18:5-67
26-->src\main\AndroidManifest.xml:18:22-64
27    <uses-permission android:name="android.permission.ACCESS_NETWORK_STATE" />
27-->src\main\AndroidManifest.xml:19:5-79
27-->src\main\AndroidManifest.xml:19:22-76
28
29    <!-- Notifications (Android 13+) -->
30    <uses-permission android:name="android.permission.POST_NOTIFICATIONS" />
30-->src\main\AndroidManifest.xml:22:5-77
30-->src\main\AndroidManifest.xml:22:22-74
31
32    <!-- Foreground service for video processing -->
33    <uses-permission android:name="android.permission.FOREGROUND_SERVICE" />
33-->src\main\AndroidManifest.xml:25:5-77
33-->src\main\AndroidManifest.xml:25:22-74
34    <uses-permission android:name="android.permission.FOREGROUND_SERVICE_DATA_SYNC" />
34-->src\main\AndroidManifest.xml:26:5-87
34-->src\main\AndroidManifest.xml:26:22-84
35
36    <!-- Vibration for haptic feedback -->
37    <uses-permission android:name="android.permission.VIBRATE" />
37-->src\main\AndroidManifest.xml:29:5-66
37-->src\main\AndroidManifest.xml:29:22-63
38
39    <!-- Camera is optional (can use gallery only) -->
40    <uses-feature
40-->src\main\AndroidManifest.xml:32:5-85
41        android:name="android.hardware.camera"
41-->src\main\AndroidManifest.xml:32:19-57
42        android:required="false" />
42-->src\main\AndroidManifest.xml:32:58-82
43    <uses-feature
43-->src\main\AndroidManifest.xml:33:5-95
44        android:name="android.hardware.camera.autofocus"
44-->src\main\AndroidManifest.xml:33:19-67
45        android:required="false" />
45-->src\main\AndroidManifest.xml:33:68-92
46
47    <uses-permission android:name="com.android.vending.BILLING" />
47-->[com.android.billingclient:billing-ktx:7.1.1] AndroidManifest.xml:9:5-67
47-->[com.android.billingclient:billing-ktx:7.1.1] AndroidManifest.xml:9:22-64
48
49    <queries>
49-->[com.android.billingclient:billing:7.1.1] AndroidManifest.xml:12:5-19:15
50        <intent>
50-->[com.android.billingclient:billing:7.1.1] AndroidManifest.xml:13:9-15:18
51            <action android:name="com.android.vending.billing.InAppBillingService.BIND" />
51-->[com.android.billingclient:billing:7.1.1] AndroidManifest.xml:14:13-91
51-->[com.android.billingclient:billing:7.1.1] AndroidManifest.xml:14:21-88
52        </intent>
53        <intent>
53-->[com.android.billingclient:billing:7.1.1] AndroidManifest.xml:16:9-18:18
54            <action android:name="com.google.android.apps.play.billingtestcompanion.BillingOverrideService.BIND" />
54-->[com.android.billingclient:billing:7.1.1] AndroidManifest.xml:17:13-116
54-->[com.android.billingclient:billing:7.1.1] AndroidManifest.xml:17:21-113
55        </intent>
56    </queries>
57
58    <uses-permission android:name="android.permission.WAKE_LOCK" />
58-->[androidx.work:work-runtime:2.10.0] AndroidManifest.xml:23:5-68
58-->[androidx.work:work-runtime:2.10.0] AndroidManifest.xml:23:22-65
59    <uses-permission android:name="android.permission.RECEIVE_BOOT_COMPLETED" />
59-->[androidx.work:work-runtime:2.10.0] AndroidManifest.xml:25:5-81
59-->[androidx.work:work-runtime:2.10.0] AndroidManifest.xml:25:22-78
60
61    <permission
61-->[androidx.core:core:1.15.0] AndroidManifest.xml:22:5-24:47
62        android:name="com.vibecut.ai.DYNAMIC_RECEIVER_NOT_EXPORTED_PERMISSION"
62-->[androidx.core:core:1.15.0] AndroidManifest.xml:23:9-81
63        android:protectionLevel="signature" />
63-->[androidx.core:core:1.15.0] AndroidManifest.xml:24:9-44
64
65    <uses-permission android:name="com.vibecut.ai.DYNAMIC_RECEIVER_NOT_EXPORTED_PERMISSION" />
65-->[androidx.core:core:1.15.0] AndroidManifest.xml:26:5-97
65-->[androidx.core:core:1.15.0] AndroidManifest.xml:26:22-94
66
67    <application
67-->src\main\AndroidManifest.xml:35:5-63:19
68        android:name="com.vibecut.ai.VibeCutApp"
68-->src\main\AndroidManifest.xml:36:9-35
69        android:allowBackup="false"
69-->src\main\AndroidManifest.xml:37:9-36
70        android:appComponentFactory="androidx.core.app.CoreComponentFactory"
70-->[androidx.core:core:1.15.0] AndroidManifest.xml:28:18-86
71        android:dataExtractionRules="@xml/data_extraction_rules"
71-->src\main\AndroidManifest.xml:38:9-65
72        android:debuggable="true"
73        android:extractNativeLibs="true"
74        android:fullBackupContent="@xml/backup_rules"
74-->src\main\AndroidManifest.xml:39:9-54
75        android:hardwareAccelerated="true"
75-->src\main\AndroidManifest.xml:45:9-43
76        android:icon="@mipmap/ic_launcher"
76-->src\main\AndroidManifest.xml:40:9-43
77        android:label="@string/app_name"
77-->src\main\AndroidManifest.xml:42:9-41
78        android:largeHeap="true"
78-->src\main\AndroidManifest.xml:46:9-33
79        android:roundIcon="@mipmap/ic_launcher_round"
79-->src\main\AndroidManifest.xml:41:9-54
80        android:supportsRtl="true"
80-->src\main\AndroidManifest.xml:43:9-35
81        android:testOnly="true"
82        android:theme="@style/Theme.VibeCutAI" >
82-->src\main\AndroidManifest.xml:44:9-47
83
84        <!-- Splash Screen / Main Entry -->
85        <activity
85-->src\main\AndroidManifest.xml:50:9-61:20
86            android:name="com.vibecut.ai.ui.MainActivity"
86-->src\main\AndroidManifest.xml:51:13-44
87            android:exported="true"
87-->src\main\AndroidManifest.xml:52:13-36
88            android:launchMode="singleTop"
88-->src\main\AndroidManifest.xml:53:13-43
89            android:screenOrientation="portrait"
89-->src\main\AndroidManifest.xml:54:13-49
90            android:theme="@style/Theme.VibeCutAI.SplashScreen"
90-->src\main\AndroidManifest.xml:56:13-64
91            android:windowSoftInputMode="adjustResize" >
91-->src\main\AndroidManifest.xml:55:13-55
92            <intent-filter>
92-->src\main\AndroidManifest.xml:57:13-60:29
93                <action android:name="android.intent.action.MAIN" />
93-->src\main\AndroidManifest.xml:58:17-69
93-->src\main\AndroidManifest.xml:58:25-66
94
95                <category android:name="android.intent.category.LAUNCHER" />
95-->src\main\AndroidManifest.xml:59:17-77
95-->src\main\AndroidManifest.xml:59:27-74
96            </intent-filter>
97        </activity>
98
99        <service
99-->[com.google.mlkit:segmentation-selfie:16.0.0-beta6] AndroidManifest.xml:9:9-15:19
100            android:name="com.google.mlkit.common.internal.MlKitComponentDiscoveryService"
100-->[com.google.mlkit:segmentation-selfie:16.0.0-beta6] AndroidManifest.xml:10:13-91
101            android:directBootAware="true"
101-->[com.google.mlkit:common:18.11.0] AndroidManifest.xml:17:13-43
102            android:exported="false" >
102-->[com.google.mlkit:segmentation-selfie:16.0.0-beta6] AndroidManifest.xml:11:13-37
103            <meta-data
103-->[com.google.mlkit:segmentation-selfie:16.0.0-beta6] AndroidManifest.xml:12:13-14:85
104                android:name="com.google.firebase.components:com.google.mlkit.vision.segmentation.internal.SegmentationRegistrar"
104-->[com.google.mlkit:segmentation-selfie:16.0.0-beta6] AndroidManifest.xml:13:17-130
105                android:value="com.google.firebase.components.ComponentRegistrar" />
105-->[com.google.mlkit:segmentation-selfie:16.0.0-beta6] AndroidManifest.xml:14:17-82
106            <meta-data
106-->[com.google.mlkit:object-detection:17.0.2] AndroidManifest.xml:14:13-16:85
107                android:name="com.google.firebase.components:com.google.mlkit.vision.objects.defaults.internal.DefaultObjectsRegistrar"
107-->[com.google.mlkit:object-detection:17.0.2] AndroidManifest.xml:15:17-136
108                android:value="com.google.firebase.components.ComponentRegistrar" />
108-->[com.google.mlkit:object-detection:17.0.2] AndroidManifest.xml:16:17-82
109            <meta-data
109-->[com.google.mlkit:pose-detection-common:18.0.0-beta5] AndroidManifest.xml:29:13-31:85
110                android:name="com.google.firebase.components:com.google.mlkit.vision.pose.internal.PoseRegistrar"
110-->[com.google.mlkit:pose-detection-common:18.0.0-beta5] AndroidManifest.xml:30:17-114
111                android:value="com.google.firebase.components.ComponentRegistrar" />
111-->[com.google.mlkit:pose-detection-common:18.0.0-beta5] AndroidManifest.xml:31:17-82
112            <meta-data
112-->[com.google.mlkit:vision-internal-vkp:18.2.3] AndroidManifest.xml:14:13-16:85
113                android:name="com.google.firebase.components:com.google.mlkit.vision.vkp.VkpRegistrar"
113-->[com.google.mlkit:vision-internal-vkp:18.2.3] AndroidManifest.xml:15:17-103
114                android:value="com.google.firebase.components.ComponentRegistrar" />
114-->[com.google.mlkit:vision-internal-vkp:18.2.3] AndroidManifest.xml:16:17-82
115            <meta-data
115-->[com.google.mlkit:vision-common:17.3.0] AndroidManifest.xml:12:13-14:85
116                android:name="com.google.firebase.components:com.google.mlkit.vision.common.internal.VisionCommonRegistrar"
116-->[com.google.mlkit:vision-common:17.3.0] AndroidManifest.xml:13:17-124
117                android:value="com.google.firebase.components.ComponentRegistrar" />
117-->[com.google.mlkit:vision-common:17.3.0] AndroidManifest.xml:14:17-82
118            <meta-data
118-->[com.google.mlkit:common:18.11.0] AndroidManifest.xml:20:13-22:85
119                android:name="com.google.firebase.components:com.google.mlkit.common.internal.CommonComponentRegistrar"
119-->[com.google.mlkit:common:18.11.0] AndroidManifest.xml:21:17-120
120                android:value="com.google.firebase.components.ComponentRegistrar" />
120-->[com.google.mlkit:common:18.11.0] AndroidManifest.xml:22:17-82
121        </service>
122        <service
122-->[com.google.android.gms:play-services-tflite-gpu:16.4.0] AndroidManifest.xml:9:9-21:19
123            android:name="com.google.android.gms.metadata.ModuleDependencies"
123-->[com.google.android.gms:play-services-tflite-gpu:16.4.0] AndroidManifest.xml:10:13-78
124            android:enabled="false"
124-->[com.google.android.gms:play-services-tflite-gpu:16.4.0] AndroidManifest.xml:11:13-36
125            android:exported="false" >
125-->[com.google.android.gms:play-services-tflite-gpu:16.4.0] AndroidManifest.xml:12:13-37
126            <intent-filter>
126-->[com.google.android.gms:play-services-tflite-gpu:16.4.0] AndroidManifest.xml:14:13-16:29
127                <action android:name="com.google.android.gms.metadata.MODULE_DEPENDENCIES" />
127-->[com.google.android.gms:play-services-tflite-gpu:16.4.0] AndroidManifest.xml:15:17-94
127-->[com.google.android.gms:play-services-tflite-gpu:16.4.0] AndroidManifest.xml:15:25-91
128            </intent-filter>
129
130            <meta-data
130-->[com.google.android.gms:play-services-tflite-gpu:16.4.0] AndroidManifest.xml:18:13-20:36
131                android:name="tflite_gpu_dynamite:222612000:required"
131-->[com.google.android.gms:play-services-tflite-gpu:16.4.0] AndroidManifest.xml:19:17-70
132                android:value="" />
132-->[com.google.android.gms:play-services-tflite-gpu:16.4.0] AndroidManifest.xml:20:17-33
133            <meta-data
133-->[com.google.android.gms:play-services-tflite-impl:16.4.0] AndroidManifest.xml:18:13-20:36
134                android:name="tflite_dynamite:3:required"
134-->[com.google.android.gms:play-services-tflite-impl:16.4.0] AndroidManifest.xml:19:17-58
135                android:value="" />
135-->[com.google.android.gms:play-services-tflite-impl:16.4.0] AndroidManifest.xml:20:17-33
136        </service>
137        <!--
138             Required for ML Kit Pose Detection GPU acceleration. Applications that target Android
139             S+ require explicit declaration of any referenced vendor-provided libraries.
140        -->
141        <uses-native-library
141-->[com.google.mlkit:pose-detection-common:18.0.0-beta5] AndroidManifest.xml:16:9-18:40
142            android:name="libOpenCL.so"
142-->[com.google.mlkit:pose-detection-common:18.0.0-beta5] AndroidManifest.xml:17:13-40
143            android:required="false" />
143-->[com.google.mlkit:pose-detection-common:18.0.0-beta5] AndroidManifest.xml:18:13-37
144        <uses-native-library
144-->[com.google.mlkit:pose-detection-common:18.0.0-beta5] AndroidManifest.xml:16:9-18:40
145            android:name="libOpenCL-car.so"
145-->[com.google.mlkit:pose-detection-common:18.0.0-beta5] AndroidManifest.xml:17:13-40
146            android:required="false" />
146-->[com.google.mlkit:pose-detection-common:18.0.0-beta5] AndroidManifest.xml:18:13-37
147        <uses-native-library
147-->[com.google.mlkit:pose-detection-common:18.0.0-beta5] AndroidManifest.xml:16:9-18:40
148            android:name="libOpenCL-pixel.so"
148-->[com.google.mlkit:pose-detection-common:18.0.0-beta5] AndroidManifest.xml:17:13-40
149            android:required="false" />
149-->[com.google.mlkit:pose-detection-common:18.0.0-beta5] AndroidManifest.xml:18:13-37
150
151        <provider
151-->[com.google.mlkit:common:18.11.0] AndroidManifest.xml:9:9-13:38
152            android:name="com.google.mlkit.common.internal.MlKitInitProvider"
152-->[com.google.mlkit:common:18.11.0] AndroidManifest.xml:10:13-78
153            android:authorities="com.vibecut.ai.mlkitinitprovider"
153-->[com.google.mlkit:common:18.11.0] AndroidManifest.xml:11:13-69
154            android:exported="false"
154-->[com.google.mlkit:common:18.11.0] AndroidManifest.xml:12:13-37
155            android:initOrder="99" />
155-->[com.google.mlkit:common:18.11.0] AndroidManifest.xml:13:13-35
156
157        <meta-data
157-->[com.android.billingclient:billing:7.1.1] AndroidManifest.xml:22:9-24:37
158            android:name="com.google.android.play.billingclient.version"
158-->[com.android.billingclient:billing:7.1.1] AndroidManifest.xml:23:13-73
159            android:value="7.1.1" />
159-->[com.android.billingclient:billing:7.1.1] AndroidManifest.xml:24:13-34
160
161        <activity
161-->[com.android.billingclient:billing:7.1.1] AndroidManifest.xml:26:9-30:75
162            android:name="com.android.billingclient.api.ProxyBillingActivity"
162-->[com.android.billingclient:billing:7.1.1] AndroidManifest.xml:27:13-78
163            android:configChanges="keyboard|keyboardHidden|screenLayout|screenSize|orientation"
163-->[com.android.billingclient:billing:7.1.1] AndroidManifest.xml:28:13-96
164            android:exported="false"
164-->[com.android.billingclient:billing:7.1.1] AndroidManifest.xml:29:13-37
165            android:theme="@android:style/Theme.Translucent.NoTitleBar" />
165-->[com.android.billingclient:billing:7.1.1] AndroidManifest.xml:30:13-72
166        <activity
166-->[com.android.billingclient:billing:7.1.1] AndroidManifest.xml:31:9-35:75
167            android:name="com.android.billingclient.api.ProxyBillingActivityV2"
167-->[com.android.billingclient:billing:7.1.1] AndroidManifest.xml:32:13-80
168            android:configChanges="keyboard|keyboardHidden|screenLayout|screenSize|orientation"
168-->[com.android.billingclient:billing:7.1.1] AndroidManifest.xml:33:13-96
169            android:exported="false"
169-->[com.android.billingclient:billing:7.1.1] AndroidManifest.xml:34:13-37
170            android:theme="@android:style/Theme.Translucent.NoTitleBar" />
170-->[com.android.billingclient:billing:7.1.1] AndroidManifest.xml:35:13-72
171
172        <service
172-->[com.google.mlkit:acceleration:16.0.0-beta2] AndroidManifest.xml:8:9-11:68
173            android:name="com.google.mlkit.acceleration.internal.MlKitRemoteWorkerService"
173-->[com.google.mlkit:acceleration:16.0.0-beta2] AndroidManifest.xml:9:13-91
174            android:exported="false"
174-->[com.google.mlkit:acceleration:16.0.0-beta2] AndroidManifest.xml:10:13-37
175            android:process=":mlkit_acceleration_mini_benchmark" />
175-->[com.google.mlkit:acceleration:16.0.0-beta2] AndroidManifest.xml:11:13-65
176
177        <activity
177-->[com.google.android.gms:play-services-base:18.5.0] AndroidManifest.xml:5:9-173
178            android:name="com.google.android.gms.common.api.GoogleApiActivity"
178-->[com.google.android.gms:play-services-base:18.5.0] AndroidManifest.xml:5:19-85
179            android:exported="false"
179-->[com.google.android.gms:play-services-base:18.5.0] AndroidManifest.xml:5:146-170
180            android:theme="@android:style/Theme.Translucent.NoTitleBar" />
180-->[com.google.android.gms:play-services-base:18.5.0] AndroidManifest.xml:5:86-145
181
182        <service
182-->[androidx.camera:camera-camera2:1.4.1] AndroidManifest.xml:24:9-33:19
183            android:name="androidx.camera.core.impl.MetadataHolderService"
183-->[androidx.camera:camera-camera2:1.4.1] AndroidManifest.xml:25:13-75
184            android:enabled="false"
184-->[androidx.camera:camera-camera2:1.4.1] AndroidManifest.xml:26:13-36
185            android:exported="false" >
185-->[androidx.camera:camera-camera2:1.4.1] AndroidManifest.xml:27:13-37
186            <meta-data
186-->[androidx.camera:camera-camera2:1.4.1] AndroidManifest.xml:30:13-32:89
187                android:name="androidx.camera.core.impl.MetadataHolderService.DEFAULT_CONFIG_PROVIDER"
187-->[androidx.camera:camera-camera2:1.4.1] AndroidManifest.xml:31:17-103
188                android:value="androidx.camera.camera2.Camera2Config$DefaultProvider" />
188-->[androidx.camera:camera-camera2:1.4.1] AndroidManifest.xml:32:17-86
189        </service>
190
191        <provider
191-->[androidx.work:work-runtime:2.10.0] AndroidManifest.xml:29:9-37:20
192            android:name="androidx.startup.InitializationProvider"
192-->[androidx.work:work-runtime:2.10.0] AndroidManifest.xml:30:13-67
193            android:authorities="com.vibecut.ai.androidx-startup"
193-->[androidx.work:work-runtime:2.10.0] AndroidManifest.xml:31:13-68
194            android:exported="false" >
194-->[androidx.work:work-runtime:2.10.0] AndroidManifest.xml:32:13-37
195            <meta-data
195-->[androidx.work:work-runtime:2.10.0] AndroidManifest.xml:34:13-36:52
196                android:name="androidx.work.WorkManagerInitializer"
196-->[androidx.work:work-runtime:2.10.0] AndroidManifest.xml:35:17-68
197                android:value="androidx.startup" />
197-->[androidx.work:work-runtime:2.10.0] AndroidManifest.xml:36:17-49
198            <meta-data
198-->[androidx.emoji2:emoji2:1.3.0] AndroidManifest.xml:29:13-31:52
199                android:name="androidx.emoji2.text.EmojiCompatInitializer"
199-->[androidx.emoji2:emoji2:1.3.0] AndroidManifest.xml:30:17-75
200                android:value="androidx.startup" />
200-->[androidx.emoji2:emoji2:1.3.0] AndroidManifest.xml:31:17-49
201            <meta-data
201-->[androidx.lifecycle:lifecycle-process:2.8.7] AndroidManifest.xml:29:13-31:52
202                android:name="androidx.lifecycle.ProcessLifecycleInitializer"
202-->[androidx.lifecycle:lifecycle-process:2.8.7] AndroidManifest.xml:30:17-78
203                android:value="androidx.startup" />
203-->[androidx.lifecycle:lifecycle-process:2.8.7] AndroidManifest.xml:31:17-49
204            <meta-data
204-->[androidx.profileinstaller:profileinstaller:1.4.0] AndroidManifest.xml:29:13-31:52
205                android:name="androidx.profileinstaller.ProfileInstallerInitializer"
205-->[androidx.profileinstaller:profileinstaller:1.4.0] AndroidManifest.xml:30:17-85
206                android:value="androidx.startup" />
206-->[androidx.profileinstaller:profileinstaller:1.4.0] AndroidManifest.xml:31:17-49
207        </provider>
208
209        <service
209-->[androidx.work:work-runtime:2.10.0] AndroidManifest.xml:39:9-45:35
210            android:name="androidx.work.impl.background.systemalarm.SystemAlarmService"
210-->[androidx.work:work-runtime:2.10.0] AndroidManifest.xml:40:13-88
211            android:directBootAware="false"
211-->[androidx.work:work-runtime:2.10.0] AndroidManifest.xml:41:13-44
212            android:enabled="@bool/enable_system_alarm_service_default"
212-->[androidx.work:work-runtime:2.10.0] AndroidManifest.xml:42:13-72
213            android:exported="false" />
213-->[androidx.work:work-runtime:2.10.0] AndroidManifest.xml:43:13-37
214        <service
214-->[androidx.work:work-runtime:2.10.0] AndroidManifest.xml:46:9-52:35
215            android:name="androidx.work.impl.background.systemjob.SystemJobService"
215-->[androidx.work:work-runtime:2.10.0] AndroidManifest.xml:47:13-84
216            android:directBootAware="false"
216-->[androidx.work:work-runtime:2.10.0] AndroidManifest.xml:48:13-44
217            android:enabled="@bool/enable_system_job_service_default"
217-->[androidx.work:work-runtime:2.10.0] AndroidManifest.xml:49:13-70
218            android:exported="true"
218-->[androidx.work:work-runtime:2.10.0] AndroidManifest.xml:50:13-36
219            android:permission="android.permission.BIND_JOB_SERVICE" />
219-->[androidx.work:work-runtime:2.10.0] AndroidManifest.xml:51:13-69
220        <service
220-->[androidx.work:work-runtime:2.10.0] AndroidManifest.xml:53:9-59:35
221            android:name="androidx.work.impl.foreground.SystemForegroundService"
221-->[androidx.work:work-runtime:2.10.0] AndroidManifest.xml:54:13-81
222            android:directBootAware="false"
222-->[androidx.work:work-runtime:2.10.0] AndroidManifest.xml:55:13-44
223            android:enabled="@bool/enable_system_foreground_service_default"
223-->[androidx.work:work-runtime:2.10.0] AndroidManifest.xml:56:13-77
224            android:exported="false" />
224-->[androidx.work:work-runtime:2.10.0] AndroidManifest.xml:57:13-37
225
226        <receiver
226-->[androidx.work:work-runtime:2.10.0] AndroidManifest.xml:61:9-66:35
227            android:name="androidx.work.impl.utils.ForceStopRunnable$BroadcastReceiver"
227-->[androidx.work:work-runtime:2.10.0] AndroidManifest.xml:62:13-88
228            android:directBootAware="false"
228-->[androidx.work:work-runtime:2.10.0] AndroidManifest.xml:63:13-44
229            android:enabled="true"
229-->[androidx.work:work-runtime:2.10.0] AndroidManifest.xml:64:13-35
230            android:exported="false" />
230-->[androidx.work:work-runtime:2.10.0] AndroidManifest.xml:65:13-37
231        <receiver
231-->[androidx.work:work-runtime:2.10.0] AndroidManifest.xml:67:9-77:20
232            android:name="androidx.work.impl.background.systemalarm.ConstraintProxy$BatteryChargingProxy"
232-->[androidx.work:work-runtime:2.10.0] AndroidManifest.xml:68:13-106
233            android:directBootAware="false"
233-->[androidx.work:work-runtime:2.10.0] AndroidManifest.xml:69:13-44
234            android:enabled="false"
234-->[androidx.work:work-runtime:2.10.0] AndroidManifest.xml:70:13-36
235            android:exported="false" >
235-->[androidx.work:work-runtime:2.10.0] AndroidManifest.xml:71:13-37
236            <intent-filter>
236-->[androidx.work:work-runtime:2.10.0] AndroidManifest.xml:73:13-76:29
237                <action android:name="android.intent.action.ACTION_POWER_CONNECTED" />
237-->[androidx.work:work-runtime:2.10.0] AndroidManifest.xml:74:17-87
237-->[androidx.work:work-runtime:2.10.0] AndroidManifest.xml:74:25-84
238                <action android:name="android.intent.action.ACTION_POWER_DISCONNECTED" />
238-->[androidx.work:work-runtime:2.10.0] AndroidManifest.xml:75:17-90
238-->[androidx.work:work-runtime:2.10.0] AndroidManifest.xml:75:25-87
239            </intent-filter>
240        </receiver>
241        <receiver
241-->[androidx.work:work-runtime:2.10.0] AndroidManifest.xml:78:9-88:20
242            android:name="androidx.work.impl.background.systemalarm.ConstraintProxy$BatteryNotLowProxy"
242-->[androidx.work:work-runtime:2.10.0] AndroidManifest.xml:79:13-104
243            android:directBootAware="false"
243-->[androidx.work:work-runtime:2.10.0] AndroidManifest.xml:80:13-44
244            android:enabled="false"
244-->[androidx.work:work-runtime:2.10.0] AndroidManifest.xml:81:13-36
245            android:exported="false" >
245-->[androidx.work:work-runtime:2.10.0] AndroidManifest.xml:82:13-37
246            <intent-filter>
246-->[androidx.work:work-runtime:2.10.0] AndroidManifest.xml:84:13-87:29
247                <action android:name="android.intent.action.BATTERY_OKAY" />
247-->[androidx.work:work-runtime:2.10.0] AndroidManifest.xml:85:17-77
247-->[androidx.work:work-runtime:2.10.0] AndroidManifest.xml:85:25-74
248                <action android:name="android.intent.action.BATTERY_LOW" />
248-->[androidx.work:work-runtime:2.10.0] AndroidManifest.xml:86:17-76
248-->[androidx.work:work-runtime:2.10.0] AndroidManifest.xml:86:25-73
249            </intent-filter>
250        </receiver>
251        <receiver
251-->[androidx.work:work-runtime:2.10.0] AndroidManifest.xml:89:9-99:20
252            android:name="androidx.work.impl.background.systemalarm.ConstraintProxy$StorageNotLowProxy"
252-->[androidx.work:work-runtime:2.10.0] AndroidManifest.xml:90:13-104
253            android:directBootAware="false"
253-->[androidx.work:work-runtime:2.10.0] AndroidManifest.xml:91:13-44
254            android:enabled="false"
254-->[androidx.work:work-runtime:2.10.0] AndroidManifest.xml:92:13-36
255            android:exported="false" >
255-->[androidx.work:work-runtime:2.10.0] AndroidManifest.xml:93:13-37
256            <intent-filter>
256-->[androidx.work:work-runtime:2.10.0] AndroidManifest.xml:95:13-98:29
257                <action android:name="android.intent.action.DEVICE_STORAGE_LOW" />
257-->[androidx.work:work-runtime:2.10.0] AndroidManifest.xml:96:17-83
257-->[androidx.work:work-runtime:2.10.0] AndroidManifest.xml:96:25-80
258                <action android:name="android.intent.action.DEVICE_STORAGE_OK" />
258-->[androidx.work:work-runtime:2.10.0] AndroidManifest.xml:97:17-82
258-->[androidx.work:work-runtime:2.10.0] AndroidManifest.xml:97:25-79
259            </intent-filter>
260        </receiver>
261        <receiver
261-->[androidx.work:work-runtime:2.10.0] AndroidManifest.xml:100:9-109:20
262            android:name="androidx.work.impl.background.systemalarm.ConstraintProxy$NetworkStateProxy"
262-->[androidx.work:work-runtime:2.10.0] AndroidManifest.xml:101:13-103
263            android:directBootAware="false"
263-->[androidx.work:work-runtime:2.10.0] AndroidManifest.xml:102:13-44
264            android:enabled="false"
264-->[androidx.work:work-runtime:2.10.0] AndroidManifest.xml:103:13-36
265            android:exported="false" >
265-->[androidx.work:work-runtime:2.10.0] AndroidManifest.xml:104:13-37
266            <intent-filter>
266-->[androidx.work:work-runtime:2.10.0] AndroidManifest.xml:106:13-108:29
267                <action android:name="android.net.conn.CONNECTIVITY_CHANGE" />
267-->[androidx.work:work-runtime:2.10.0] AndroidManifest.xml:107:17-79
267-->[androidx.work:work-runtime:2.10.0] AndroidManifest.xml:107:25-76
268            </intent-filter>
269        </receiver>
270        <receiver
270-->[androidx.work:work-runtime:2.10.0] AndroidManifest.xml:110:9-121:20
271            android:name="androidx.work.impl.background.systemalarm.RescheduleReceiver"
271-->[androidx.work:work-runtime:2.10.0] AndroidManifest.xml:111:13-88
272            android:directBootAware="false"
272-->[androidx.work:work-runtime:2.10.0] AndroidManifest.xml:112:13-44
273            android:enabled="false"
273-->[androidx.work:work-runtime:2.10.0] AndroidManifest.xml:113:13-36
274            android:exported="false" >
274-->[androidx.work:work-runtime:2.10.0] AndroidManifest.xml:114:13-37
275            <intent-filter>
275-->[androidx.work:work-runtime:2.10.0] AndroidManifest.xml:116:13-120:29
276                <action android:name="android.intent.action.BOOT_COMPLETED" />
276-->[androidx.work:work-runtime:2.10.0] AndroidManifest.xml:117:17-79
276-->[androidx.work:work-runtime:2.10.0] AndroidManifest.xml:117:25-76
277                <action android:name="android.intent.action.TIME_SET" />
277-->[androidx.work:work-runtime:2.10.0] AndroidManifest.xml:118:17-73
277-->[androidx.work:work-runtime:2.10.0] AndroidManifest.xml:118:25-70
278                <action android:name="android.intent.action.TIMEZONE_CHANGED" />
278-->[androidx.work:work-runtime:2.10.0] AndroidManifest.xml:119:17-81
278-->[androidx.work:work-runtime:2.10.0] AndroidManifest.xml:119:25-78
279            </intent-filter>
280        </receiver>
281        <receiver
281-->[androidx.work:work-runtime:2.10.0] AndroidManifest.xml:122:9-131:20
282            android:name="androidx.work.impl.background.systemalarm.ConstraintProxyUpdateReceiver"